i:\网易\d3d_test\emptyproject\project\debug\vc141.pdb
i:\网易\d3d_test\emptyproject\project\debug\vc141.idb
i:\网易\d3d_test\emptyproject\project\debug\ddstextureloader.obj
i:\网易\d3d_test\emptyproject\project\debug\modelloader.obj
i:\网易\d3d_test\emptyproject\project\debug\mesh.obj
i:\网易\d3d_test\emptyproject\project\debug\emptyproject11.obj
i:\网易\d3d_test\emptyproject\project\debug\d3dcreator.obj
i:\网易\d3d_test\emptyproject\project\debug\firstpersoncamera.obj
i:\网易\d3d_test\emptyproject\bin\shader.cso
i:\网易\d3d_test\emptyproject\bin\emptyproject11.exe
i:\网易\d3d_test\emptyproject\bin\emptyproject11.ilk
i:\网易\d3d_test\emptyproject\bin\emptyproject11.pdb
i:\网易\d3d_test\emptyproject\project\debug\emptyproject11.res
i:\网易\d3d_test\emptyproject\project\..\bin\emptyproject11.exe
i:\网易\d3d_test\emptyproject\project\debug\emptyproject11.tlog\cl.command.1.tlog
i:\网易\d3d_test\emptyproject\project\debug\emptyproject11.tlog\cl.read.1.tlog
i:\网易\d3d_test\emptyproject\project\debug\emptyproject11.tlog\cl.write.1.tlog
i:\网易\d3d_test\emptyproject\project\debug\emptyproject11.tlog\emptyproject11.write.1u.tlog
i:\网易\d3d_test\emptyproject\project\debug\emptyproject11.tlog\link.command.1.tlog
i:\网易\d3d_test\emptyproject\project\debug\emptyproject11.tlog\link.read.1.tlog
i:\网易\d3d_test\emptyproject\project\debug\emptyproject11.tlog\link.write.1.tlog
i:\网易\d3d_test\emptyproject\project\debug\emptyproject11.tlog\rc.command.1.tlog
i:\网易\d3d_test\emptyproject\project\debug\emptyproject11.tlog\rc.read.1.tlog
i:\网易\d3d_test\emptyproject\project\debug\emptyproject11.tlog\rc.write.1.tlog
